1634069839338	geckodriver	INFO	Listening on 127.0.0.1:47803
1634069839350	mozrunner::runner	INFO	Running command: "/usr/bin/firefox" "--marionette" "-no-remote" "-profile" "/tmp/rust_mozprofileh4kUKX"
Error: no DISPLAY environment variable specified
1634069856719	geckodriver	INFO	Listening on 127.0.0.1:42661
1634069856728	mozrunner::runner	INFO	Running command: "/usr/bin/firefox" "--marionette" "-no-remote" "-profile" "/tmp/rust_mozprofilewvGq6E"
Error: no DISPLAY environment variable specified
1634069991080	geckodriver	INFO	Listening on 127.0.0.1:48371
1634069991088	mozrunner::runner	INFO	Running command: "/usr/bin/firefox" "--marionette" "-no-remote" "-profile" "/tmp/rust_mozprofile6anE5f"
Error: no DISPLAY environment variable specified
1634070079831	geckodriver	INFO	Listening on 127.0.0.1:59993
1634070079839	mozrunner::runner	INFO	Running command: "/usr/bin/firefox" "--marionette" "-no-remote" "-profile" "/tmp/rust_mozprofilerXWk8w"
Error: no DISPLAY environment variable specified
1634070113787	geckodriver	INFO	Listening on 127.0.0.1:41843
1634070113796	mozrunner::runner	INFO	Running command: "/usr/bin/firefox" "--marionette" "-no-remote" "-profile" "/tmp/rust_mozprofileATUa17"
Running Firefox as root in a regular user's session is not supported.  ($HOME is /home/xdgy which is owned by xdgy.)
1634070170238	geckodriver	INFO	Listening on 127.0.0.1:59721
1634070170246	mozrunner::runner	INFO	Running command: "/usr/bin/firefox" "--marionette" "-no-remote" "-profile" "/tmp/rust_mozprofileXMk87U"
Running Firefox as root in a regular user's session is not supported.  ($HOME is /home/xdgy which is owned by xdgy.)
1634070241587	geckodriver	INFO	Listening on 127.0.0.1:34153
1634070242598	mozrunner::runner	INFO	Running command: "/usr/bin/firefox" "--marionette" "-no-remote" "-profile" "/tmp/rust_mozprofileEk4Q1n"
Error: no DISPLAY environment variable specified
1634070531114	geckodriver	INFO	Listening on 127.0.0.1:55911
1634070531122	mozrunner::runner	INFO	Running command: "/usr/bin/firefox" "--marionette" "-headless" "-no-remote" "-profile" "/tmp/rust_mozprofileX5FK0v"
*** You are running in headless mode.
[GFX1-]: glxtest: Unable to open a connection to the X server
[GFX1-]: glxtest: libEGL initialize failed
1634070531800	Marionette	INFO	Marionette enabled
[GFX1-]: RenderCompositorSWGL failed mapping default framebuffer, no dt
console.warn: SearchSettings: "get: No settings file exists, new profile?" (new NotFoundError("Could not open the file at /tmp/rust_mozprofileX5FK0v/search.json.mozlz4", (void 0)))
1634070533724	Marionette	INFO	Listening on port 41413
1634070533779	RemoteAgent	WARN	TLS certificate errors will be ignored for this session
JavaScript error: resource://services-settings/Attachments.jsm, line 391: TypeError: / is not a valid URL.
1634070534732	Marionette	INFO	Stopped listening on port 41413
JavaScript error: resource:///modules/Interactions.jsm, line 201: NS_ERROR_FAILURE: Component returned failure code: 0x80004005 (NS_ERROR_FAILURE) [nsIUserIdleService.removeIdleObserver]

###!!! [Parent][RunMessage] Error: Channel closing: too late to send/recv, messages will be lost

1634070592090	geckodriver	INFO	Listening on 127.0.0.1:37121
1634070592097	mozrunner::runner	INFO	Running command: "/usr/bin/firefox" "--marionette" "-headless" "-no-remote" "-profile" "/tmp/rust_mozprofileONtMzx"
*** You are running in headless mode.
[GFX1-]: glxtest: Unable to open a connection to the X server
[GFX1-]: glxtest: libEGL initialize failed
1634070592717	Marionette	INFO	Marionette enabled
[GFX1-]: RenderCompositorSWGL failed mapping default framebuffer, no dt
console.warn: SearchSettings: "get: No settings file exists, new profile?" (new NotFoundError("Could not open the file at /tmp/rust_mozprofileONtMzx/search.json.mozlz4", (void 0)))
1634070594462	Marionette	INFO	Listening on port 34859
1634070594528	RemoteAgent	WARN	TLS certificate errors will be ignored for this session
console.error: Region.jsm: "Error fetching region" (new Error("TIMEOUT", "resource://gre/modules/Region.jsm", 772))
console.error: Region.jsm: "Failed to fetch region" (new Error("TIMEOUT", "resource://gre/modules/Region.jsm", 419))
Exiting due to channel error.
Exiting due to channel error.
Exiting due to channel error.
1634070620147	geckodriver	INFO	Listening on 127.0.0.1:41429
1634070620155	mozrunner::runner	INFO	Running command: "/usr/bin/firefox" "--marionette" "-headless" "-no-remote" "-profile" "/tmp/rust_mozprofileX0APhZ"
*** You are running in headless mode.
[GFX1-]: glxtest: Unable to open a connection to the X server
[GFX1-]: glxtest: libEGL initialize failed
1634070620797	Marionette	INFO	Marionette enabled
[GFX1-]: RenderCompositorSWGL failed mapping default framebuffer, no dt
console.warn: SearchSettings: "get: No settings file exists, new profile?" (new NotFoundError("Could not open the file at /tmp/rust_mozprofileX0APhZ/search.json.mozlz4", (void 0)))
1634070622690	Marionette	INFO	Listening on port 42083
1634070622791	RemoteAgent	WARN	TLS certificate errors will be ignored for this session
console.error: Region.jsm: "Error fetching region" (new Error("TIMEOUT", "resource://gre/modules/Region.jsm", 772))
console.error: Region.jsm: "Failed to fetch region" (new Error("TIMEOUT", "resource://gre/modules/Region.jsm", 419))
console.warn: TopSitesFeed: Failed to fetch data from Contile server: NetworkError when attempting to fetch resource.
1634070703253	geckodriver	INFO	Listening on 127.0.0.1:34509
1634070703261	mozrunner::runner	INFO	Running command: "/usr/bin/firefox" "--marionette" "-headless" "-no-remote" "-profile" "/tmp/rust_mozprofileOzwzEG"
*** You are running in headless mode.
[GFX1-]: glxtest: Unable to open a connection to the X server
[GFX1-]: glxtest: libEGL initialize failed
1634070703952	Marionette	INFO	Marionette enabled
[GFX1-]: RenderCompositorSWGL failed mapping default framebuffer, no dt
console.warn: SearchSettings: "get: No settings file exists, new profile?" (new NotFoundError("Could not open the file at /tmp/rust_mozprofileOzwzEG/search.json.mozlz4", (void 0)))
1634070706013	Marionette	INFO	Listening on port 37819
1634070706097	RemoteAgent	WARN	TLS certificate errors will be ignored for this session
JavaScript error: resource://services-settings/Attachments.jsm, line 391: TypeError: / is not a valid URL.
1634070725278	geckodriver	INFO	Listening on 127.0.0.1:58403
1634070725288	mozrunner::runner	INFO	Running command: "/usr/bin/firefox" "--marionette" "-headless" "-no-remote" "-profile" "/tmp/rust_mozprofileaon04c"
*** You are running in headless mode.
[GFX1-]: glxtest: Unable to open a connection to the X server
[GFX1-]: glxtest: libEGL initialize failed
1634070725941	Marionette	INFO	Marionette enabled
[GFX1-]: RenderCompositorSWGL failed mapping default framebuffer, no dt
console.warn: SearchSettings: "get: No settings file exists, new profile?" (new NotFoundError("Could not open the file at /tmp/rust_mozprofileaon04c/search.json.mozlz4", (void 0)))
1634070728005	Marionette	INFO	Listening on port 45655
JavaScript error: resource://services-settings/Attachments.jsm, line 391: TypeError: / is not a valid URL.
1634070728125	RemoteAgent	WARN	TLS certificate errors will be ignored for this session
1634070729414	Marionette	INFO	Stopped listening on port 45655
JavaScript error: resource:///modules/Interactions.jsm, line 201: NS_ERROR_FAILURE: Component returned failure code: 0x80004005 (NS_ERROR_FAILURE) [nsIUserIdleService.removeIdleObserver]
1634070739210	geckodriver	INFO	Listening on 127.0.0.1:41559
1634070739217	mozrunner::runner	INFO	Running command: "/usr/bin/firefox" "--marionette" "-headless" "-no-remote" "-profile" "/tmp/rust_mozprofileZJZ4Sa"
*** You are running in headless mode.
[GFX1-]: glxtest: Unable to open a connection to the X server
[GFX1-]: glxtest: libEGL initialize failed
1634070739879	Marionette	INFO	Marionette enabled
[GFX1-]: RenderCompositorSWGL failed mapping default framebuffer, no dt
console.warn: SearchSettings: "get: No settings file exists, new profile?" (new NotFoundError("Could not open the file at /tmp/rust_mozprofileZJZ4Sa/search.json.mozlz4", (void 0)))
1634070742104	Marionette	INFO	Listening on port 34055
1634070742179	RemoteAgent	WARN	TLS certificate errors will be ignored for this session
JavaScript error: resource://services-settings/Attachments.jsm, line 391: TypeError: / is not a valid URL.
1634070742823	Marionette	INFO	Stopped listening on port 34055
console.error: PushServiceWebSocket: 
  _beginWSSetup: Not in shutdown state! Current state
  3
JavaScript error: resource:///modules/Interactions.jsm, line 201: NS_ERROR_FAILURE: Component returned failure code: 0x80004005 (NS_ERROR_FAILURE) [nsIUserIdleService.removeIdleObserver]

###!!! [Parent][RunMessage] Error: Channel closing: too late to send/recv, messages will be lost

console.log: WebExtensions: reset-default-search: starting.
console.log: WebExtensions: reset-default-search: No addons in our list are installed.
console.log: WebExtensions: reset-default-search: starting.
console.log: WebExtensions: reset-default-search: No addons in our list are installed.
1634071388490	geckodriver	INFO	Listening on 127.0.0.1:51611
1634071388502	mozrunner::runner	INFO	Running command: "/usr/bin/firefox" "--marionette" "-headless" "-no-remote" "-profile" "/tmp/rust_mozprofileE5yXVa"
*** You are running in headless mode.
[GFX1-]: glxtest: Unable to open a connection to the X server
[GFX1-]: glxtest: libEGL initialize failed
1634071389216	Marionette	INFO	Marionette enabled
[GFX1-]: RenderCompositorSWGL failed mapping default framebuffer, no dt
console.warn: SearchSettings: "get: No settings file exists, new profile?" (new NotFoundError("Could not open the file at /tmp/rust_mozprofileE5yXVa/search.json.mozlz4", (void 0)))
1634071390980	Marionette	INFO	Listening on port 33591
1634071391060	RemoteAgent	WARN	TLS certificate errors will be ignored for this session
JavaScript error: resource://services-settings/Attachments.jsm, line 391: TypeError: / is not a valid URL.
1634071417214	geckodriver	INFO	Listening on 127.0.0.1:49357
1634071417225	mozrunner::runner	INFO	Running command: "/usr/bin/firefox" "--marionette" "-headless" "-no-remote" "-profile" "/tmp/rust_mozprofile00L5ul"
*** You are running in headless mode.
[GFX1-]: glxtest: Unable to open a connection to the X server
[GFX1-]: glxtest: libEGL initialize failed
1634071417866	Marionette	INFO	Marionette enabled
[GFX1-]: RenderCompositorSWGL failed mapping default framebuffer, no dt
console.warn: SearchSettings: "get: No settings file exists, new profile?" (new NotFoundError("Could not open the file at /tmp/rust_mozprofile00L5ul/search.json.mozlz4", (void 0)))
1634071419852	Marionette	INFO	Listening on port 41033
JavaScript error: resource://services-settings/Attachments.jsm, line 391: TypeError: / is not a valid URL.
1634071419962	RemoteAgent	WARN	TLS certificate errors will be ignored for this session
JavaScript warning: https://sbisec.akamaized.net/sbisec/js/qr_search_engine.min.js?20150508, line 1: unreachable code after return statement
JavaScript warning: https://www.googletagmanager.com/gtm.js?id=GTM-7SZV, line 417: unreachable code after return statement
JavaScript warning: https://www.googletagmanager.com/gtm.js?id=GTM-7SZV, line 417: unreachable code after return statement
JavaScript warning: https://mnt.sbisec.co.jp/fp/check.js;CIS3SID=07C746474B829274ADA552BFED137957?org_id=biz1kn5f&session_id=ca218a49c648450e95feb55add7752de&nonce=209de8136e6e0df5&jb=3731242662736f7d3f4e69667578266a7b6f3f4c6b6e7578266a7160753f46697065646f70266a7b603f46617265666f702530303b33, line 119: WebGL warning: <Create>: WebglAllowWindowsNativeGl:false restricts context creation on this system.
JavaScript warning: https://mnt.sbisec.co.jp/fp/check.js;CIS3SID=07C746474B829274ADA552BFED137957?org_id=biz1kn5f&session_id=ca218a49c648450e95feb55add7752de&nonce=209de8136e6e0df5&jb=3731242662736f7d3f4e69667578266a7b6f3f4c6b6e7578266a7160753f46697065646f70266a7b603f46617265666f702530303b33, line 119: Failed to create WebGL context: WebGL creation failed: 
* WebglAllowWindowsNativeGl:false restricts context creation on this system. ()
* Exhausted GL driver options. (FEATURE_FAILURE_WEBGL_EXHAUSTED_DRIVERS)
JavaScript warning: https://mnt.sbisec.co.jp/fp/check.js;CIS3SID=07C746474B829274ADA552BFED137957?org_id=biz1kn5f&session_id=ca218a49c648450e95feb55add7752de&nonce=209de8136e6e0df5&jb=3731242662736f7d3f4e69667578266a7b6f3f4c6b6e7578266a7160753f46697065646f70266a7b603f46617265666f702530303b33, line 119: WebGL warning: <Create>: WebglAllowWindowsNativeGl:false restricts context creation on this system.
JavaScript warning: https://mnt.sbisec.co.jp/fp/check.js;CIS3SID=07C746474B829274ADA552BFED137957?org_id=biz1kn5f&session_id=ca218a49c648450e95feb55add7752de&nonce=209de8136e6e0df5&jb=3731242662736f7d3f4e69667578266a7b6f3f4c6b6e7578266a7160753f46697065646f70266a7b603f46617265666f702530303b33, line 119: Failed to create WebGL context: WebGL creation failed: 
* WebglAllowWindowsNativeGl:false restricts context creation on this system. ()
* Exhausted GL driver options. (FEATURE_FAILURE_WEBGL_EXHAUSTED_DRIVERS)
JavaScript warning: https://mnt.sbisec.co.jp/fp/check.js;CIS3SID=07C746474B829274ADA552BFED137957?org_id=biz1kn5f&session_id=ca218a49c648450e95feb55add7752de&nonce=209de8136e6e0df5&jb=3731242662736f7d3f4e69667578266a7b6f3f4c6b6e7578266a7160753f46697065646f70266a7b603f46617265666f702530303b33, line 119: WebGL warning: <Create>: WebglAllowWindowsNativeGl:false restricts context creation on this system.
JavaScript warning: https://mnt.sbisec.co.jp/fp/check.js;CIS3SID=07C746474B829274ADA552BFED137957?org_id=biz1kn5f&session_id=ca218a49c648450e95feb55add7752de&nonce=209de8136e6e0df5&jb=3731242662736f7d3f4e69667578266a7b6f3f4c6b6e7578266a7160753f46697065646f70266a7b603f46617265666f702530303b33, line 119: Failed to create WebGL context: WebGL creation failed: 
* WebglAllowWindowsNativeGl:false restricts context creation on this system. ()
* Exhausted GL driver options. (FEATURE_FAILURE_WEBGL_EXHAUSTED_DRIVERS)
JavaScript warning: https://mnt.sbisec.co.jp/fp/check.js;CIS3SID=07C746474B829274ADA552BFED137957?org_id=biz1kn5f&session_id=ca218a49c648450e95feb55add7752de&nonce=209de8136e6e0df5&jb=3731242662736f7d3f4e69667578266a7b6f3f4c6b6e7578266a7160753f46697065646f70266a7b603f46617265666f702530303b33, line 119: WebGL warning: <Create>: WebglAllowWindowsNativeGl:false restricts context creation on this system.
JavaScript warning: https://mnt.sbisec.co.jp/fp/check.js;CIS3SID=07C746474B829274ADA552BFED137957?org_id=biz1kn5f&session_id=ca218a49c648450e95feb55add7752de&nonce=209de8136e6e0df5&jb=3731242662736f7d3f4e69667578266a7b6f3f4c6b6e7578266a7160753f46697065646f70266a7b603f46617265666f702530303b33, line 119: Failed to create WebGL context: WebGL creation failed: 
* WebglAllowWindowsNativeGl:false restricts context creation on this system. ()
* Exhausted GL driver options. (FEATURE_FAILURE_WEBGL_EXHAUSTED_DRIVERS)
1634071444112	geckodriver	INFO	Listening on 127.0.0.1:55313
1634071444120	mozrunner::runner	INFO	Running command: "/usr/bin/firefox" "--marionette" "-headless" "-no-remote" "-profile" "/tmp/rust_mozprofileohIf8K"
*** You are running in headless mode.
[GFX1-]: glxtest: Unable to open a connection to the X server
[GFX1-]: glxtest: libEGL initialize failed
1634071444813	Marionette	INFO	Marionette enabled
[GFX1-]: RenderCompositorSWGL failed mapping default framebuffer, no dt
console.warn: SearchSettings: "get: No settings file exists, new profile?" (new NotFoundError("Could not open the file at /tmp/rust_mozprofileohIf8K/search.json.mozlz4", (void 0)))
JavaScript error: resource://services-settings/Attachments.jsm, line 391: TypeError: / is not a valid URL.
1634071446958	Marionette	INFO	Listening on port 44651
1634071447058	RemoteAgent	WARN	TLS certificate errors will be ignored for this session
JavaScript warning: https://sbisec.akamaized.net/sbisec/js/qr_search_engine.min.js?20150508, line 1: unreachable code after return statement
JavaScript warning: https://www.googletagmanager.com/gtm.js?id=GTM-7SZV, line 402: unreachable code after return statement
JavaScript warning: https://www.googletagmanager.com/gtm.js?id=GTM-7SZV, line 402: unreachable code after return statement
JavaScript warning: https://sbisec.akamaized.net/sbisec/js/qr_search_engine.min.js?20150508, line 1: unreachable code after return statement
JavaScript warning: https://www.googletagmanager.com/gtm.js?id=GTM-7SZV, line 402: unreachable code after return statement
1634071457452	Marionette	INFO	Stopped listening on port 44651
JavaScript warning: https://www.googletagmanager.com/gtm.js?id=GTM-7SZV, line 402: unreachable code after return statement
JavaScript error: chrome://global/content/elements/browser-custom-element.js, line 1666: NotFoundError: No such JSWindowActor 'MarionetteEvents'
JavaScript error: resource:///modules/Interactions.jsm, line 201: NS_ERROR_FAILURE: Component returned failure code: 0x80004005 (NS_ERROR_FAILURE) [nsIUserIdleService.removeIdleObserver]
JavaScript warning: https://mnt.sbisec.co.jp/fp/check.js;CIS3SID=65264F274C9938D2B594C655170C87AD?org_id=biz1kn5f&session_id=5a632a6d154440bfa94ea468aea02a38&nonce=8cb303fc37d891f8&jb=3531242468736d753d4c696e7578246873673d4c696e7770266a7362773d44617265646d7a266873623d46697265646d782d32303933, line 438: WebGL warning: <Create>: WebglAllowWindowsNativeGl:false restricts context creation on this system.
JavaScript warning: https://mnt.sbisec.co.jp/fp/check.js;CIS3SID=65264F274C9938D2B594C655170C87AD?org_id=biz1kn5f&session_id=5a632a6d154440bfa94ea468aea02a38&nonce=8cb303fc37d891f8&jb=3531242468736d753d4c696e7578246873673d4c696e7770266a7362773d44617265646d7a266873623d46697265646d782d32303933, line 438: Failed to create WebGL context: WebGL creation failed: 
* WebglAllowWindowsNativeGl:false restricts context creation on this system. ()
* Exhausted GL driver options. (FEATURE_FAILURE_WEBGL_EXHAUSTED_DRIVERS)
JavaScript warning: https://mnt.sbisec.co.jp/fp/check.js;CIS3SID=65264F274C9938D2B594C655170C87AD?org_id=biz1kn5f&session_id=5a632a6d154440bfa94ea468aea02a38&nonce=8cb303fc37d891f8&jb=3531242468736d753d4c696e7578246873673d4c696e7770266a7362773d44617265646d7a266873623d46697265646d782d32303933, line 438: WebGL warning: <Create>: WebglAllowWindowsNativeGl:false restricts context creation on this system.
JavaScript warning: https://mnt.sbisec.co.jp/fp/check.js;CIS3SID=65264F274C9938D2B594C655170C87AD?org_id=biz1kn5f&session_id=5a632a6d154440bfa94ea468aea02a38&nonce=8cb303fc37d891f8&jb=3531242468736d753d4c696e7578246873673d4c696e7770266a7362773d44617265646d7a266873623d46697265646d782d32303933, line 438: Failed to create WebGL context: WebGL creation failed: 
* WebglAllowWindowsNativeGl:false restricts context creation on this system. ()
* Exhausted GL driver options. (FEATURE_FAILURE_WEBGL_EXHAUSTED_DRIVERS)
JavaScript warning: https://mnt.sbisec.co.jp/fp/check.js;CIS3SID=65264F274C9938D2B594C655170C87AD?org_id=biz1kn5f&session_id=5a632a6d154440bfa94ea468aea02a38&nonce=8cb303fc37d891f8&jb=3531242468736d753d4c696e7578246873673d4c696e7770266a7362773d44617265646d7a266873623d46697265646d782d32303933, line 438: WebGL warning: <Create>: WebglAllowWindowsNativeGl:false restricts context creation on this system.
JavaScript warning: https://mnt.sbisec.co.jp/fp/check.js;CIS3SID=65264F274C9938D2B594C655170C87AD?org_id=biz1kn5f&session_id=5a632a6d154440bfa94ea468aea02a38&nonce=8cb303fc37d891f8&jb=3531242468736d753d4c696e7578246873673d4c696e7770266a7362773d44617265646d7a266873623d46697265646d782d32303933, line 438: Failed to create WebGL context: WebGL creation failed: 
* WebglAllowWindowsNativeGl:false restricts context creation on this system. ()
* Exhausted GL driver options. (FEATURE_FAILURE_WEBGL_EXHAUSTED_DRIVERS)
JavaScript warning: https://mnt.sbisec.co.jp/fp/check.js;CIS3SID=65264F274C9938D2B594C655170C87AD?org_id=biz1kn5f&session_id=5a632a6d154440bfa94ea468aea02a38&nonce=8cb303fc37d891f8&jb=3531242468736d753d4c696e7578246873673d4c696e7770266a7362773d44617265646d7a266873623d46697265646d782d32303933, line 438: WebGL warning: <Create>: WebglAllowWindowsNativeGl:false restricts context creation on this system.
JavaScript warning: https://mnt.sbisec.co.jp/fp/check.js;CIS3SID=65264F274C9938D2B594C655170C87AD?org_id=biz1kn5f&session_id=5a632a6d154440bfa94ea468aea02a38&nonce=8cb303fc37d891f8&jb=3531242468736d753d4c696e7578246873673d4c696e7770266a7362773d44617265646d7a266873623d46697265646d782d32303933, line 438: Failed to create WebGL context: WebGL creation failed: 
* WebglAllowWindowsNativeGl:false restricts context creation on this system. ()
* Exhausted GL driver options. (FEATURE_FAILURE_WEBGL_EXHAUSTED_DRIVERS)

###!!! [Child][RunMessage] Error: Channel closing: too late to send/recv, messages will be lost


###!!! [Child][MessageChannel] Error: (msgtype=0x6A0014,name=PNecko::Msg_PredLearn) Channel closing: too late to send/recv, messages will be lost


###!!! [Child][RunMessage] Error: Channel closing: too late to send/recv, messages will be lost


###!!! [Child][RunMessage] Error: Channel closing: too late to send/recv, messages will be lost


###!!! [Child][RunMessage] Error: Channel closing: too late to send/recv, messages will be lost


###!!! [Child][RunMessage] Error: Channel closing: too late to send/recv, messages will be lost


###!!! [Child][RunMessage] Error: Channel closing: too late to send/recv, messages will be lost


###!!! [Child][RunMessage] Error: Channel closing: too late to send/recv, messages will be lost


###!!! [Child][RunMessage] Error: Channel closing: too late to send/recv, messages will be lost


###!!! [Child][RunMessage] Error: Channel closing: too late to send/recv, messages will be lost


###!!! [Child][RunMessage] Error: Channel closing: too late to send/recv, messages will be lost


###!!! [Child][RunMessage] Error: Channel closing: too late to send/recv, messages will be lost


###!!! [Child][RunMessage] Error: Channel closing: too late to send/recv, messages will be lost


###!!! [Child][MessageChannel] Error: (msgtype=0x6A0014,name=PNecko::Msg_PredLearn) Channel closing: too late to send/recv, messages will be lost


###!!! [Child][RunMessage] Error: Channel closing: too late to send/recv, messages will be lost


###!!! [Child][RunMessage] Error: Channel closing: too late to send/recv, messages will be lost


###!!! [Parent][MessageChannel] Error: (msgtype=0x390078,name=PContent::Msg_DestroyBrowsingContextGroup) Closed channel: cannot send/recv


###!!! [Child][MessageChannel] Error: (msgtype=0x390141,name=PContent::Msg_ScriptError) Channel closing: too late to send/recv, messages will be lost


###!!! [Child][RunMessage] Error: Channel closing: too late to send/recv, messages will be lost


###!!! [Child][MessageChannel] Error: (msgtype=0x6A0014,name=PNecko::Msg_PredLearn) Channel closing: too late to send/recv, messages will be lost


###!!! [Child][RunMessage] Error: Channel closing: too late to send/recv, messages will be lost


###!!! [Child][MessageChannel] Error: (msgtype=0x390141,name=PContent::Msg_ScriptError) Channel closing: too late to send/recv, messages will be lost


###!!! [Child][RunMessage] Error: Channel closing: too late to send/recv, messages will be lost


###!!! [Child][MessageChannel] Error: (msgtype=0x390141,name=PContent::Msg_ScriptError) Channel closing: too late to send/recv, messages will be lost


###!!! [Child][MessageChannel] Error: (msgtype=0x390141,name=PContent::Msg_ScriptError) Channel closing: too late to send/recv, messages will be lost


###!!! [Child][MessageChannel] Error: (msgtype=0x390141,name=PContent::Msg_ScriptError) Channel closing: too late to send/recv, messages will be lost


###!!! [Child][RunMessage] Error: Channel closing: too late to send/recv, messages will be lost


###!!! [Child][MessageChannel] Error: (msgtype=0x390141,name=PContent::Msg_ScriptError) Channel closing: too late to send/recv, messages will be lost


###!!! [Child][MessageChannel] Error: (msgtype=0x390141,name=PContent::Msg_ScriptError) Channel closing: too late to send/recv, messages will be lost


###!!! [Child][MessageChannel] Error: (msgtype=0x390141,name=PContent::Msg_ScriptError) Channel closing: too late to send/recv, messages will be lost


###!!! [Child][RunMessage] Error: Channel closing: too late to send/recv, messages will be lost


###!!! [Child][MessageChannel] Error: (msgtype=0x390141,name=PContent::Msg_ScriptError) Channel closing: too late to send/recv, messages will be lost


###!!! [Child][MessageChannel] Error: (msgtype=0x390141,name=PContent::Msg_ScriptError) Channel closing: too late to send/recv, messages will be lost


###!!! [Child][MessageChannel] Error: (msgtype=0x390141,name=PContent::Msg_ScriptError) Channel closing: too late to send/recv, messages will be lost


###!!! [Child][RunMessage] Error: Channel closing: too late to send/recv, messages will be lost


###!!! [Child][MessageChannel] Error: (msgtype=0x390141,name=PContent::Msg_ScriptError) Channel closing: too late to send/recv, messages will be lost


###!!! [Child][MessageChannel] Error: (msgtype=0x390141,name=PContent::Msg_ScriptError) Channel closing: too late to send/recv, messages will be lost


###!!! [Child][MessageChannel] Error: (msgtype=0x390141,name=PContent::Msg_ScriptError) Channel closing: too late to send/recv, messages will be lost


###!!! [Child][RunMessage] Error: Channel closing: too late to send/recv, messages will be lost


###!!! [Child][MessageChannel] Error: (msgtype=0x390141,name=PContent::Msg_ScriptError) Channel closing: too late to send/recv, messages will be lost


###!!! [Child][RunMessage] Error: Channel closing: too late to send/recv, messages will be lost


###!!! [Child][RunMessage] Error: Channel closing: too late to send/recv, messages will be lost


###!!! [Child][RunMessage] Error: Channel closing: too late to send/recv, messages will be lost


###!!! [Child][RunMessage] Error: Channel closing: too late to send/recv, messages will be lost


###!!! [Child][RunMessage] Error: Channel closing: too late to send/recv, messages will be lost


###!!! [Child][RunMessage] Error: Channel closing: too late to send/recv, messages will be lost


###!!! [Child][RunMessage] Error: Channel closing: too late to send/recv, messages will be lost


###!!! [Child][RunMessage] Error: Channel closing: too late to send/recv, messages will be lost


###!!! [Child][RunMessage] Error: Channel closing: too late to send/recv, messages will be lost


###!!! [Child][RunMessage] Error: Channel closing: too late to send/recv, messages will be lost


###!!! [Child][RunMessage] Error: Channel closing: too late to send/recv, messages will be lost


###!!! [Child][RunMessage] Error: Channel closing: too late to send/recv, messages will be lost


###!!! [Child][RunMessage] Error: Channel closing: too late to send/recv, messages will be lost


###!!! [Child][RunMessage] Error: Channel closing: too late to send/recv, messages will be lost


###!!! [Child][RunMessage] Error: Channel closing: too late to send/recv, messages will be lost


###!!! [Child][RunMessage] Error: Channel closing: too late to send/recv, messages will be lost


###!!! [Child][RunMessage] Error: Channel closing: too late to send/recv, messages will be lost


###!!! [Child][RunMessage] Error: Channel closing: too late to send/recv, messages will be lost


###!!! [Child][RunMessage] Error: Channel closing: too late to send/recv, messages will be lost


###!!! [Child][RunMessage] Error: Channel closing: too late to send/recv, messages will be lost


###!!! [Child][RunMessage] Error: Channel closing: too late to send/recv, messages will be lost


###!!! [Child][RunMessage] Error: Channel closing: too late to send/recv, messages will be lost


###!!! [Child][RunMessage] Error: Channel closing: too late to send/recv, messages will be lost


###!!! [Child][RunMessage] Error: Channel closing: too late to send/recv, messages will be lost


###!!! [Child][RunMessage] Error: Channel closing: too late to send/recv, messages will be lost


###!!! [Child][RunMessage] Error: Channel closing: too late to send/recv, messages will be lost


###!!! [Child][MessageChannel] Error: (msgtype=0x390141,name=PContent::Msg_ScriptError) Channel closing: too late to send/recv, messages will be lost


###!!! [Child][MessageChannel] Error: (msgtype=0x390141,name=PContent::Msg_ScriptError) Channel closing: too late to send/recv, messages will be lost


###!!! [Child][MessageChannel] Error: (msgtype=0x390141,name=PContent::Msg_ScriptError) Channel closing: too late to send/recv, messages will be lost


###!!! [Child][RunMessage] Error: Channel closing: too late to send/recv, messages will be lost


###!!! [Child][RunMessage] Error: Channel closing: too late to send/recv, messages will be lost


###!!! [Child][MessageChannel] Error: (msgtype=0x390141,name=PContent::Msg_ScriptError) Channel closing: too late to send/recv, messages will be lost


###!!! [Child][MessageChannel] Error: (msgtype=0x390141,name=PContent::Msg_ScriptError) Channel closing: too late to send/recv, messages will be lost


###!!! [Child][RunMessage] Error: Channel closing: too late to send/recv, messages will be lost

1634071483617	geckodriver	INFO	Listening on 127.0.0.1:40085
1634071483625	mozrunner::runner	INFO	Running command: "/usr/bin/firefox" "--marionette" "-headless" "-no-remote" "-profile" "/tmp/rust_mozprofileJhrAHV"
*** You are running in headless mode.
[GFX1-]: glxtest: Unable to open a connection to the X server
[GFX1-]: glxtest: libEGL initialize failed
1634071484340	Marionette	INFO	Marionette enabled
[GFX1-]: RenderCompositorSWGL failed mapping default framebuffer, no dt
console.warn: SearchSettings: "get: No settings file exists, new profile?" (new NotFoundError("Could not open the file at /tmp/rust_mozprofileJhrAHV/search.json.mozlz4", (void 0)))
1634071486280	Marionette	INFO	Listening on port 46231
1634071486364	RemoteAgent	WARN	TLS certificate errors will be ignored for this session
JavaScript error: resource://services-settings/Attachments.jsm, line 391: TypeError: / is not a valid URL.
JavaScript warning: https://sbisec.akamaized.net/sbisec/js/qr_search_engine.min.js?20150508, line 1: unreachable code after return statement
JavaScript warning: https://www.googletagmanager.com/gtm.js?id=GTM-7SZV, line 402: unreachable code after return statement
JavaScript warning: https://www.googletagmanager.com/gtm.js?id=GTM-7SZV, line 402: unreachable code after return statement
JavaScript warning: https://sbisec.akamaized.net/sbisec/js/qr_search_engine.min.js?20150508, line 1: unreachable code after return statement
JavaScript warning: https://www.googletagmanager.com/gtm.js?id=GTM-7SZV, line 402: unreachable code after return statement
1634071495534	Marionette	INFO	Stopped listening on port 46231
JavaScript warning: https://www.googletagmanager.com/gtm.js?id=GTM-7SZV, line 402: unreachable code after return statement
JavaScript error: chrome://global/content/elements/browser-custom-element.js, line 1666: NotFoundError: No such JSWindowActor 'MarionetteEvents'
JavaScript error: resource:///modules/Interactions.jsm, line 201: NS_ERROR_FAILURE: Component returned failure code: 0x80004005 (NS_ERROR_FAILURE) [nsIUserIdleService.removeIdleObserver]
JavaScript warning: https://mnt.sbisec.co.jp/fp/check.js;CIS3SID=1102383093542C34CFEF9318A4C93B30?org_id=biz1kn5f&session_id=c710dbe00937446781789186e17a2cf7&nonce=73936d577708176c&jb=373326266a716f753d446b6c757824687b6f3f44616e7d7a266a7162773f446b7067666f78246a736235446b7265646d702530383133, line 102: WebGL warning: <Create>: WebglAllowWindowsNativeGl:false restricts context creation on this system.
JavaScript warning: https://mnt.sbisec.co.jp/fp/check.js;CIS3SID=1102383093542C34CFEF9318A4C93B30?org_id=biz1kn5f&session_id=c710dbe00937446781789186e17a2cf7&nonce=73936d577708176c&jb=373326266a716f753d446b6c757824687b6f3f44616e7d7a266a7162773f446b7067666f78246a736235446b7265646d702530383133, line 102: Failed to create WebGL context: WebGL creation failed: 
* WebglAllowWindowsNativeGl:false restricts context creation on this system. ()
* Exhausted GL driver options. (FEATURE_FAILURE_WEBGL_EXHAUSTED_DRIVERS)
JavaScript warning: https://mnt.sbisec.co.jp/fp/check.js;CIS3SID=1102383093542C34CFEF9318A4C93B30?org_id=biz1kn5f&session_id=c710dbe00937446781789186e17a2cf7&nonce=73936d577708176c&jb=373326266a716f753d446b6c757824687b6f3f44616e7d7a266a7162773f446b7067666f78246a736235446b7265646d702530383133, line 102: WebGL warning: <Create>: WebglAllowWindowsNativeGl:false restricts context creation on this system.
JavaScript warning: https://mnt.sbisec.co.jp/fp/check.js;CIS3SID=1102383093542C34CFEF9318A4C93B30?org_id=biz1kn5f&session_id=c710dbe00937446781789186e17a2cf7&nonce=73936d577708176c&jb=373326266a716f753d446b6c757824687b6f3f44616e7d7a266a7162773f446b7067666f78246a736235446b7265646d702530383133, line 102: Failed to create WebGL context: WebGL creation failed: 
* WebglAllowWindowsNativeGl:false restricts context creation on this system. ()
* Exhausted GL driver options. (FEATURE_FAILURE_WEBGL_EXHAUSTED_DRIVERS)
JavaScript warning: https://mnt.sbisec.co.jp/fp/check.js;CIS3SID=1102383093542C34CFEF9318A4C93B30?org_id=biz1kn5f&session_id=c710dbe00937446781789186e17a2cf7&nonce=73936d577708176c&jb=373326266a716f753d446b6c757824687b6f3f44616e7d7a266a7162773f446b7067666f78246a736235446b7265646d702530383133, line 102: WebGL warning: <Create>: WebglAllowWindowsNativeGl:false restricts context creation on this system.
JavaScript warning: https://mnt.sbisec.co.jp/fp/check.js;CIS3SID=1102383093542C34CFEF9318A4C93B30?org_id=biz1kn5f&session_id=c710dbe00937446781789186e17a2cf7&nonce=73936d577708176c&jb=373326266a716f753d446b6c757824687b6f3f44616e7d7a266a7162773f446b7067666f78246a736235446b7265646d702530383133, line 102: Failed to create WebGL context: WebGL creation failed: 
* WebglAllowWindowsNativeGl:false restricts context creation on this system. ()
* Exhausted GL driver options. (FEATURE_FAILURE_WEBGL_EXHAUSTED_DRIVERS)
JavaScript warning: https://mnt.sbisec.co.jp/fp/check.js;CIS3SID=1102383093542C34CFEF9318A4C93B30?org_id=biz1kn5f&session_id=c710dbe00937446781789186e17a2cf7&nonce=73936d577708176c&jb=373326266a716f753d446b6c757824687b6f3f44616e7d7a266a7162773f446b7067666f78246a736235446b7265646d702530383133, line 102: WebGL warning: <Create>: WebglAllowWindowsNativeGl:false restricts context creation on this system.
JavaScript warning: https://mnt.sbisec.co.jp/fp/check.js;CIS3SID=1102383093542C34CFEF9318A4C93B30?org_id=biz1kn5f&session_id=c710dbe00937446781789186e17a2cf7&nonce=73936d577708176c&jb=373326266a716f753d446b6c757824687b6f3f44616e7d7a266a7162773f446b7067666f78246a736235446b7265646d702530383133, line 102: Failed to create WebGL context: WebGL creation failed: 
* WebglAllowWindowsNativeGl:false restricts context creation on this system. ()
* Exhausted GL driver options. (FEATURE_FAILURE_WEBGL_EXHAUSTED_DRIVERS)

###!!! [Child][RunMessage] Error: Channel closing: too late to send/recv, messages will be lost


###!!! [Child][MessageChannel] Error: (msgtype=0x6A0014,name=PNecko::Msg_PredLearn) Channel closing: too late to send/recv, messages will be lost


###!!! [Child][RunMessage] Error: Channel closing: too late to send/recv, messages will be lost


###!!! [Child][RunMessage] Error: Channel closing: too late to send/recv, messages will be lost


###!!! [Child][RunMessage] Error: Channel closing: too late to send/recv, messages will be lost


###!!! [Child][RunMessage] Error: Channel closing: too late to send/recv, messages will be lost


###!!! [Child][RunMessage] Error: Channel closing: too late to send/recv, messages will be lost


###!!! [Child][MessageChannel] Error: (msgtype=0x6A0014,name=PNecko::Msg_PredLearn) Channel closing: too late to send/recv, messages will be lost


###!!! [Child][RunMessage] Error: Channel closing: too late to send/recv, messages will be lost


###!!! [Child][RunMessage] Error: Channel closing: too late to send/recv, messages will be lost


###!!! [Parent][MessageChannel] Error: (msgtype=0x390078,name=PContent::Msg_DestroyBrowsingContextGroup) Closed channel: cannot send/recv


###!!! [Child][MessageChannel] Error: (msgtype=0x6A0014,name=PNecko::Msg_PredLearn) Channel closing: too late to send/recv, messages will be lost


###!!! [Child][RunMessage] Error: Channel closing: too late to send/recv, messages will be lost


###!!! [Child][MessageChannel] Error: (msgtype=0x390141,name=PContent::Msg_ScriptError) Channel closing: too late to send/recv, messages will be lost


###!!! [Child][MessageChannel] Error: (msgtype=0x390141,name=PContent::Msg_ScriptError) Channel closing: too late to send/recv, messages will be lost


###!!! [Child][MessageChannel] Error: (msgtype=0x390141,name=PContent::Msg_ScriptError) Channel closing: too late to send/recv, messages will be lost


###!!! [Child][RunMessage] Error: Channel closing: too late to send/recv, messages will be lost


###!!! [Child][MessageChannel] Error: (msgtype=0x390141,name=PContent::Msg_ScriptError) Channel closing: too late to send/recv, messages will be lost


###!!! [Child][MessageChannel] Error: (msgtype=0x390141,name=PContent::Msg_ScriptError) Channel closing: too late to send/recv, messages will be lost


###!!! [Child][MessageChannel] Error: (msgtype=0x390141,name=PContent::Msg_ScriptError) Channel closing: too late to send/recv, messages will be lost


###!!! [Child][RunMessage] Error: Channel closing: too late to send/recv, messages will be lost


###!!! [Child][MessageChannel] Error: (msgtype=0x390141,name=PContent::Msg_ScriptError) Channel closing: too late to send/recv, messages will be lost


###!!! [Child][MessageChannel] Error: (msgtype=0x390141,name=PContent::Msg_ScriptError) Channel closing: too late to send/recv, messages will be lost


###!!! [Child][MessageChannel] Error: (msgtype=0x390141,name=PContent::Msg_ScriptError) Channel closing: too late to send/recv, messages will be lost


###!!! [Child][RunMessage] Error: Channel closing: too late to send/recv, messages will be lost


###!!! [Child][MessageChannel] Error: (msgtype=0x390141,name=PContent::Msg_ScriptError) Channel closing: too late to send/recv, messages will be lost


###!!! [Child][MessageChannel] Error: (msgtype=0x390141,name=PContent::Msg_ScriptError) Channel closing: too late to send/recv, messages will be lost


###!!! [Child][MessageChannel] Error: (msgtype=0x390141,name=PContent::Msg_ScriptError) Channel closing: too late to send/recv, messages will be lost


###!!! [Child][RunMessage] Error: Channel closing: too late to send/recv, messages will be lost


###!!! [Child][MessageChannel] Error: (msgtype=0x390141,name=PContent::Msg_ScriptError) Channel closing: too late to send/recv, messages will be lost


###!!! [Child][RunMessage] Error: Channel closing: too late to send/recv, messages will be lost


###!!! [Child][RunMessage] Error: Channel closing: too late to send/recv, messages will be lost


###!!! [Child][RunMessage] Error: Channel closing: too late to send/recv, messages will be lost


###!!! [Child][RunMessage] Error: Channel closing: too late to send/recv, messages will be lost


###!!! [Child][RunMessage] Error: Channel closing: too late to send/recv, messages will be lost


###!!! [Child][RunMessage] Error: Channel closing: too late to send/recv, messages will be lost


###!!! [Child][RunMessage] Error: Channel closing: too late to send/recv, messages will be lost


###!!! [Child][RunMessage] Error: Channel closing: too late to send/recv, messages will be lost


###!!! [Child][RunMessage] Error: Channel closing: too late to send/recv, messages will be lost


###!!! [Child][RunMessage] Error: Channel closing: too late to send/recv, messages will be lost


###!!! [Child][RunMessage] Error: Channel closing: too late to send/recv, messages will be lost


###!!! [Child][RunMessage] Error: Channel closing: too late to send/recv, messages will be lost


###!!! [Child][RunMessage] Error: Channel closing: too late to send/recv, messages will be lost


###!!! [Child][RunMessage] Error: Channel closing: too late to send/recv, messages will be lost


###!!! [Child][RunMessage] Error: Channel closing: too late to send/recv, messages will be lost


###!!! [Child][RunMessage] Error: Channel closing: too late to send/recv, messages will be lost


###!!! [Child][RunMessage] Error: Channel closing: too late to send/recv, messages will be lost


###!!! [Child][RunMessage] Error: Channel closing: too late to send/recv, messages will be lost


###!!! [Child][RunMessage] Error: Channel closing: too late to send/recv, messages will be lost


###!!! [Child][RunMessage] Error: Channel closing: too late to send/recv, messages will be lost


###!!! [Child][RunMessage] Error: Channel closing: too late to send/recv, messages will be lost


###!!! [Child][RunMessage] Error: Channel closing: too late to send/recv, messages will be lost


###!!! [Child][RunMessage] Error: Channel closing: too late to send/recv, messages will be lost


###!!! [Child][RunMessage] Error: Channel closing: too late to send/recv, messages will be lost


###!!! [Child][RunMessage] Error: Channel closing: too late to send/recv, messages will be lost


###!!! [Child][MessageChannel] Error: (msgtype=0x390141,name=PContent::Msg_ScriptError) Channel closing: too late to send/recv, messages will be lost


###!!! [Child][RunMessage] Error: Channel closing: too late to send/recv, messages will be lost


###!!! [Child][MessageChannel] Error: (msgtype=0x390141,name=PContent::Msg_ScriptError) Channel closing: too late to send/recv, messages will be lost


###!!! [Child][MessageChannel] Error: (msgtype=0x390141,name=PContent::Msg_ScriptError) Channel closing: too late to send/recv, messages will be lost


###!!! [Child][RunMessage] Error: Channel closing: too late to send/recv, messages will be lost


###!!! [Child][MessageChannel] Error: (msgtype=0x390141,name=PContent::Msg_ScriptError) Channel closing: too late to send/recv, messages will be lost


###!!! [Child][RunMessage] Error: Channel closing: too late to send/recv, messages will be lost


###!!! [Child][MessageChannel] Error: (msgtype=0x390141,name=PContent::Msg_ScriptError) Channel closing: too late to send/recv, messages will be lost


###!!! [Child][MessageChannel] Error: (msgtype=0x390141,name=PContent::Msg_ScriptError) Channel closing: too late to send/recv, messages will be lost


###!!! [Child][RunMessage] Error: Channel closing: too late to send/recv, messages will be lost


###!!! [Parent][RunMessage] Error: Channel closing: too late to send/recv, messages will be lost

console.log: WebExtensions: reset-default-search: starting.
console.log: WebExtensions: reset-default-search: No addons in our list are installed.
console.log: WebExtensions: reset-default-search: starting.
console.log: WebExtensions: reset-default-search: No addons in our list are installed.
